# JRE version: OpenJDK Runtime Environment Temurin-17.0.1+12 (17.0.1+12) (build 17.0.1+12)
# Java VM: OpenJDK 64-Bit Server VM Temurin-17.0.1+12 (17.0.1+12, mixed mode, emulated-client, tiered, compressed oops, compressed class ptrs, g1 gc, windows-amd64)
GC Precious Log:
 CPUs: 8 total, 8 available
 Memory: 10116M
 Large Page Support: Disabled
 NUMA Support: Disabled
 Compressed Oops: Enabled (Zero based)
 Heap Region Size: 2M
 Heap Min Capacity: 8M
 Heap Initial Capacity: 160M
 Heap Max Capacity: 2530M
 Pre-touch: Disabled
 Parallel Workers: 8
 Concurrent Workers: 2
 Concurrent Refinement Workers: 8
 Periodic GC: Disabled
Heap:
 garbage-first heap   total 163840K, used 16975K [0x0000000761e00000, 0x0000000800000000)
  region size 2048K, 1 young (2048K), 1 survivors (2048K)
 Metaspace       used 38311K, committed 38656K, reserved 1089536K
  class space    used 4928K, committed 5120K, reserved 1048576K
GC Heap History (20 events):
Event: 2.321 GC heap after
{Heap after GC invocations=5 (full 0):
 garbage-first heap   total 40960K, used 10533K [0x0000000761e00000, 0x0000000800000000)
  region size 2048K, 2 young (4096K), 2 survivors (4096K)
 Metaspace       used 24988K, committed 25280K, reserved 1073152K
  class space    used 3083K, committed 3200K, reserved 1048576K
}
Event: 2.350 GC heap before
{Heap before GC invocations=5 (full 0):
 garbage-first heap   total 40960K, used 10533K [0x0000000761e00000, 0x0000000800000000)
  region size 2048K, 3 young (6144K), 2 survivors (4096K)
 Metaspace       used 25322K, committed 25536K, reserved 1073152K
  class space    used 3119K, committed 3200K, reserved 1048576K
}
Event: 2.356 GC heap after
{Heap after GC invocations=6 (full 0):
 garbage-first heap   total 40960K, used 10662K [0x0000000761e00000, 0x0000000800000000)
  region size 2048K, 1 young (2048K), 1 survivors (2048K)
 Metaspace       used 25322K, committed 25536K, reserved 1073152K
  class space    used 3119K, committed 3200K, reserved 1048576K
}
Event: 2.425 GC heap before
{Heap before GC invocations=6 (full 0):
 garbage-first heap   total 40960K, used 24998K [0x0000000761e00000, 0x0000000800000000)
  region size 2048K, 9 young (18432K), 1 survivors (2048K)
 Metaspace       used 26156K, committed 26432K, reserved 1073152K
  class space    used 3210K, committed 3328K, reserved 1048576K
}
Event: 2.426 GC heap after
{Heap after GC invocations=7 (full 0):
 garbage-first heap   total 40960K, used 10690K [0x0000000761e00000, 0x0000000800000000)
  region size 2048K, 1 young (2048K), 1 survivors (2048K)
 Metaspace       used 26156K, committed 26432K, reserved 1073152K
  class space    used 3210K, committed 3328K, reserved 1048576K
}
Event: 2.430 GC heap before
{Heap before GC invocations=7 (full 0):
 garbage-first heap   total 40960K, used 25026K [0x0000000761e00000, 0x0000000800000000)
  region size 2048K, 9 young (18432K), 1 survivors (2048K)
 Metaspace       used 26178K, committed 26432K, reserved 1073152K
  class space    used 3211K, committed 3328K, reserved 1048576K
}
Event: 2.432 GC heap after
{Heap after GC invocations=8 (full 0):
 garbage-first heap   total 65536K, used 10677K [0x0000000761e00000, 0x0000000800000000)
  region size 2048K, 1 young (2048K), 1 survivors (2048K)
 Metaspace       used 26178K, committed 26432K, reserved 1073152K
  class space    used 3211K, committed 3328K, reserved 1048576K
}
Event: 2.927 GC heap before
{Heap before GC invocations=8 (full 0):
 garbage-first heap   total 65536K, used 43445K [0x0000000761e00000, 0x0000000800000000)
  region size 2048K, 18 young (36864K), 1 survivors (2048K)
 Metaspace       used 30194K, committed 30528K, reserved 1081344K
  class space    used 3721K, committed 3904K, reserved 1048576K
}
Event: 2.929 GC heap after
{Heap after GC invocations=9 (full 0):
 garbage-first heap   total 65536K, used 11986K [0x0000000761e00000, 0x0000000800000000)
  region size 2048K, 1 young (2048K), 1 survivors (2048K)
 Metaspace       used 30194K, committed 30528K, reserved 1081344K
  class space    used 3721K, committed 3904K, reserved 1048576K
}
Event: 3.958 GC heap before
{Heap before GC invocations=9 (full 0):
 garbage-first heap   total 65536K, used 48850K [0x0000000761e00000, 0x0000000800000000)
  region size 2048K, 19 young (38912K), 1 survivors (2048K)
 Metaspace       used 34600K, committed 34944K, reserved 1081344K
  class space    used 4399K, committed 4608K, reserved 1048576K
}
Event: 3.962 GC heap after
{Heap after GC invocations=10 (full 0):
 garbage-first heap   total 65536K, used 14305K [0x0000000761e00000, 0x0000000800000000)
  region size 2048K, 3 young (6144K), 3 survivors (6144K)
 Metaspace       used 34600K, committed 34944K, reserved 1081344K
  class space    used 4399K, committed 4608K, reserved 1048576K
}
Event: 4.144 GC heap before
{Heap before GC invocations=10 (full 0):
 garbage-first heap   total 65536K, used 20449K [0x0000000761e00000, 0x0000000800000000)
  region size 2048K, 7 young (14336K), 3 survivors (6144K)
 Metaspace       used 35779K, committed 36160K, reserved 1081344K
  class space    used 4585K, committed 4800K, reserved 1048576K
}
Event: 4.149 GC heap after
{Heap after GC invocations=11 (full 0):
 garbage-first heap   total 65536K, used 15344K [0x0000000761e00000, 0x0000000800000000)
  region size 2048K, 2 young (4096K), 2 survivors (4096K)
 Metaspace       used 35779K, committed 36160K, reserved 1081344K
  class space    used 4585K, committed 4800K, reserved 1048576K
}
Event: 4.508 GC heap before
{Heap before GC invocations=12 (full 0):
 garbage-first heap   total 61440K, used 46064K [0x0000000761e00000, 0x0000000800000000)
  region size 2048K, 18 young (36864K), 2 survivors (4096K)
 Metaspace       used 37866K, committed 38272K, reserved 1089536K
  class space    used 4886K, committed 5056K, reserved 1048576K
}
Event: 4.513 GC heap after
{Heap after GC invocations=13 (full 0):
 garbage-first heap   total 61440K, used 17029K [0x0000000761e00000, 0x0000000800000000)
  region size 2048K, 2 young (4096K), 2 survivors (4096K)
 Metaspace       used 37866K, committed 38272K, reserved 1089536K
  class space    used 4886K, committed 5056K, reserved 1048576K
}
Event: 4.513 GC heap before
{Heap before GC invocations=13 (full 0):
 garbage-first heap   total 61440K, used 17029K [0x0000000761e00000, 0x0000000800000000)
  region size 2048K, 3 young (6144K), 2 survivors (4096K)
 Metaspace       used 37866K, committed 38272K, reserved 1089536K
  class space    used 4886K, committed 5056K, reserved 1048576K
}
Event: 4.517 GC heap after
{Heap after GC invocations=14 (full 0):
 garbage-first heap   total 61440K, used 16586K [0x0000000761e00000, 0x0000000800000000)
  region size 2048K, 1 young (2048K), 1 survivors (2048K)
 Metaspace       used 37866K, committed 38272K, reserved 1089536K
  class space    used 4886K, committed 5056K, reserved 1048576K
}
Event: 4.597 GC heap before
{Heap before GC invocations=14 (full 0):
 garbage-first heap   total 61440K, used 41162K [0x0000000761e00000, 0x0000000800000000)
  region size 2048K, 14 young (28672K), 1 survivors (2048K)
 Metaspace       used 38311K, committed 38656K, reserved 1089536K
  class space    used 4928K, committed 5120K, reserved 1048576K
}
Event: 4.599 GC heap after
{Heap after GC invocations=15 (full 0):
 garbage-first heap   total 61440K, used 16972K [0x0000000761e00000, 0x0000000800000000)
  region size 2048K, 1 young (2048K), 1 survivors (2048K)
 Metaspace       used 38311K, committed 38656K, reserved 1089536K
  class space    used 4928K, committed 5120K, reserved 1048576K
}
Event: 4.604 GC heap before
{Heap before GC invocations=15 (full 0):
 garbage-first heap   total 61440K, used 43596K [0x0000000761e00000, 0x0000000800000000)
  region size 2048K, 15 young (30720K), 1 survivors (2048K)
 Metaspace       used 38311K, committed 38656K, reserved 1089536K
  class space    used 4928K, committed 5120K, reserved 1048576K
}

